<?xml version="1.0" encoding="UTF-8"?>
<!-- Generated by org.testng.reporters.JUnitReportReporter -->
<testsuite skipped="0" hostname="LAPTOP-67NEGNE5" name="com.assignment.topgear.TC_01_SpiceJet" tests="1" failures="0" timestamp="2020-02-15T20:06:55 IST" time="1.754" errors="0">
  <testcase name="selectDate" time="1.754" classname="com.assignment.topgear.TC_01_SpiceJet"/>
</testsuite> <!-- com.assignment.topgear.TC_01_SpiceJet -->
