<?xml version="1.0" encoding="UTF-8"?>
<!-- Generated by org.testng.reporters.JUnitReportReporter -->
<testsuite skipped="0" hostname="LAPTOP-67NEGNE5" name="com.assignment.topgear.TC_02" tests="1" failures="0" timestamp="2020-02-16T11:38:13 IST" time="2.423" errors="0">
  <testcase name="getAllElements" time="2.423" classname="com.assignment.topgear.TC_02"/>
</testsuite> <!-- com.assignment.topgear.TC_02 -->
